------------------------------------------------------------------------------------------------------------------------

[2017-03-14 16:38:42 #1 store] 
Database 'C:\Users\Kurama\Desktop\i\1Marroia\ruralHousessDB.odb' is opened by 6732@LAPTOP-HB33B0MF

[2017-03-14 16:38:42 #2 type] 
Type domain.RuralHouse is not enhanced.

[2017-03-14 16:38:42 #3 type] 
Type domain.Offer is not enhanced.

------------------------------------------------------------------------------------------------------------------------

[2017-03-14 16:39:42 #1 store] 
Database 'C:\Users\Kurama\Desktop\i\1Marroia\ruralHousessDB.odb' has been recovered (tr. 9-9)

[2017-03-14 16:39:42 #2 store] 
Database 'C:\Users\Kurama\Desktop\i\1Marroia\ruralHousessDB.odb' is opened by 5456@LAPTOP-HB33B0MF

[2017-03-14 16:39:42 #3 type] 
Type domain.RuralHouse is not enhanced.

[2017-03-14 16:39:42 #4 type] 
Type domain.Offer is not enhanced.

------------------------------------------------------------------------------------------------------------------------

[2017-03-14 16:43:10 #1 store] 
Database 'C:\Users\Kurama\Desktop\i\1Marroia\ruralHousessDB.odb' is opened by 4776@LAPTOP-HB33B0MF

[2017-03-14 16:43:10 #2 type] 
Type domain.RuralHouse is not enhanced.

[2017-03-14 16:43:10 #3 type] 
Type domain.Offer is not enhanced.

------------------------------------------------------------------------------------------------------------------------

[2017-03-14 18:24:30 #1 store] 
Database 'C:\Users\Kurama\Desktop\i\1Marroia\ruralHousessDB.odb' is opened by 9696@LAPTOP-HB33B0MF

[2017-03-14 18:24:30 #2 type] 
Type domain.RuralHouse is not enhanced.

[2017-03-14 18:24:30 #3 type] 
Type domain.Offer is not enhanced.

