------------------------------------------------------------------------------------------------------------------------

[2017-02-18 18:21:42 #1 store] 
Database 'C:\Users\Kurama\Desktop\SI\1Marroia\ruralHousessDB.odb' is opened by 732@LAPTOP-HB33B0MF

[2017-02-18 18:21:42 #2 type.registry] 
New type domain.RuralHouse

[2017-02-18 18:21:42 #3 type] 
Type domain.RuralHouse is not enhanced.

[2017-02-18 18:21:42 #4 type.registry] 
New type java.util.ArrayList<java.lang.Object>

------------------------------------------------------------------------------------------------------------------------

[2017-02-18 18:22:02 #1 store] 
Database 'C:\Users\Kurama\Desktop\SI\1Marroia\ruralHousessDB.odb' has been recovered (tr. 1-5)

[2017-02-18 18:22:02 #2 store] 
Database 'C:\Users\Kurama\Desktop\SI\1Marroia\ruralHousessDB.odb' is opened by 8444@LAPTOP-HB33B0MF

[2017-02-18 18:22:02 #3 type] 
Type domain.RuralHouse is not enhanced.

------------------------------------------------------------------------------------------------------------------------

[2017-02-18 18:22:34 #1 store] 
Database 'C:\Users\Kurama\Desktop\SI\1Marroia\ruralHousessDB.odb' is opened by 7564@LAPTOP-HB33B0MF

[2017-02-18 18:22:34 #2 type] 
Type domain.RuralHouse is not enhanced.

------------------------------------------------------------------------------------------------------------------------

[2017-02-18 18:22:48 #1 store] 
Database 'C:\Users\Kurama\Desktop\SI\1Marroia\ruralHousessDB.odb' is opened by 244@LAPTOP-HB33B0MF

[2017-02-18 18:22:48 #2 type] 
Type domain.RuralHouse is not enhanced.

------------------------------------------------------------------------------------------------------------------------

[2017-02-18 18:26:37 #1 store] 
Database 'C:\Users\Kurama\Desktop\SI\1Marroia\ruralHousessDB.odb' is opened by 10848@LAPTOP-HB33B0MF

[2017-02-18 18:26:37 #2 type] 
Type domain.RuralHouse is not enhanced.

------------------------------------------------------------------------------------------------------------------------

[2017-02-18 18:32:29 #1 store] 
Database 'C:\Users\Kurama\Desktop\SI\1Marroia\ruralHousessDB.odb' is opened by 3012@LAPTOP-HB33B0MF

[2017-02-18 18:32:29 #2 type] 
Type domain.RuralHouse is not enhanced.

------------------------------------------------------------------------------------------------------------------------

[2017-02-18 18:33:06 #1 store] 
Database 'C:\Users\Kurama\Desktop\SI\1Marroia\ruralHousessDB.odb' is opened by 10300@LAPTOP-HB33B0MF

[2017-02-18 18:33:06 #2 type] 
Type domain.RuralHouse is not enhanced.

------------------------------------------------------------------------------------------------------------------------

[2017-02-18 18:33:43 #1 store] 
Database 'C:\Users\Kurama\Desktop\SI\1Marroia\ruralHousessDB.odb' is opened by 5908@LAPTOP-HB33B0MF

[2017-02-18 18:33:43 #2 type] 
Type domain.RuralHouse is not enhanced.

------------------------------------------------------------------------------------------------------------------------

[2017-02-18 18:54:11 #1 store] 
Database 'C:\Users\Kurama\Desktop\SI\1Marroia\ruralHousessDB.odb' is opened by 8672@LAPTOP-HB33B0MF

[2017-02-18 18:54:11 #2 type.registry] 
New type domain.RuralHouse

[2017-02-18 18:54:11 #3 type] 
Type domain.RuralHouse is not enhanced.

[2017-02-18 18:54:11 #4 type.registry] 
New type java.util.ArrayList<java.lang.Object>

------------------------------------------------------------------------------------------------------------------------

[2017-02-18 19:07:58 #1 store] 
Database 'C:\Users\Kurama\Desktop\SI\1Marroia\ruralHousessDB.odb' has been recovered (tr. 1-5)

[2017-02-18 19:07:58 #2 store] 
Database 'C:\Users\Kurama\Desktop\SI\1Marroia\ruralHousessDB.odb' is opened by 964@LAPTOP-HB33B0MF

[2017-02-18 19:07:59 #3 type] 
Type domain.RuralHouse is not enhanced.

------------------------------------------------------------------------------------------------------------------------

[2017-02-18 19:58:02 #1 store] 
Database 'C:\Users\Kurama\Desktop\SI\1Marroia\ruralHousessDB.odb' is opened by 10236@LAPTOP-HB33B0MF

[2017-02-18 19:58:02 #2 type] 
Type domain.RuralHouse is not enhanced.

------------------------------------------------------------------------------------------------------------------------

[2017-02-18 19:58:21 #1 store] 
Database 'C:\Users\Kurama\Desktop\SI\1Marroia\ruralHousessDB.odb' has been recovered (tr. 6-6)

[2017-02-18 19:58:21 #2 store] 
Database 'C:\Users\Kurama\Desktop\SI\1Marroia\ruralHousessDB.odb' is opened by 7572@LAPTOP-HB33B0MF

[2017-02-18 19:58:21 #3 type] 
Type domain.RuralHouse is not enhanced.

------------------------------------------------------------------------------------------------------------------------

[2017-02-18 20:03:39 #1 store] 
Database 'C:\Users\Kurama\Desktop\SI\1Marroia\ruralHousessDB.odb' is opened by 6184@LAPTOP-HB33B0MF

[2017-02-18 20:03:39 #2 type] 
Type domain.RuralHouse is not enhanced.

------------------------------------------------------------------------------------------------------------------------

[2017-02-18 20:05:34 #1 store] 
Database 'C:\Users\Kurama\Desktop\SI\1Marroia\ruralHousessDB.odb' is opened by 10652@LAPTOP-HB33B0MF

[2017-02-18 20:05:34 #2 type] 
Type domain.RuralHouse is not enhanced.

------------------------------------------------------------------------------------------------------------------------

[2017-02-18 20:12:48 #1 store] 
Database 'C:\Users\Kurama\Desktop\SI\1Marroia\ruralHousessDB.odb' is opened by 6280@LAPTOP-HB33B0MF

[2017-02-18 20:12:49 #2 type] 
Type domain.RuralHouse is not enhanced.

------------------------------------------------------------------------------------------------------------------------

[2017-02-18 20:14:49 #1 store] 
Database 'C:\Users\Kurama\Desktop\SI\1Marroia\ruralHousessDB.odb' is opened by 11212@LAPTOP-HB33B0MF

[2017-02-18 20:14:49 #2 type] 
Type domain.RuralHouse is not enhanced.

------------------------------------------------------------------------------------------------------------------------

[2017-02-18 20:15:36 #1 store] 
Database 'C:\Users\Kurama\Desktop\SI\1Marroia\ruralHousessDB.odb' is opened by 10584@LAPTOP-HB33B0MF

[2017-02-18 20:15:36 #2 type] 
Type domain.RuralHouse is not enhanced.

