------------------------------------------------------------------------------------------------------------------------

[2017-02-19 12:39:55 #1 store] 
Database 'C:\Users\Kurama\Desktop\SI\1Marroia\ruralHousessDB.odb' is opened by 1916@LAPTOP-HB33B0MF

[2017-02-19 12:39:55 #2 type] 
Type domain.RuralHouse is not enhanced.

------------------------------------------------------------------------------------------------------------------------

[2017-02-19 12:40:32 #1 store] 
Database 'C:\Users\Kurama\Desktop\SI\1Marroia\ruralHousessDB.odb' is opened by 10668@LAPTOP-HB33B0MF

[2017-02-19 12:40:33 #2 type] 
Type domain.RuralHouse is not enhanced.

------------------------------------------------------------------------------------------------------------------------

[2017-02-19 12:56:16 #1 store] 
Database 'C:\Users\Kurama\Desktop\SI\1Marroia\ruralHousessDB.odb' is opened by 10052@LAPTOP-HB33B0MF

[2017-02-19 12:56:16 #2 type] 
Type domain.RuralHouse is not enhanced.

[2017-02-19 12:56:16 #3 type.registry] 
New type domain.Offer

[2017-02-19 12:56:16 #4 type] 
Type domain.Offer is not enhanced.

[2017-02-19 12:56:16 #5 type.registry] 
New type java.util.ArrayList<domain.Offer>

------------------------------------------------------------------------------------------------------------------------

[2017-02-19 12:56:20 #1 store] 
Database 'C:\Users\Kurama\Desktop\SI\1Marroia\ruralHousessDB.odb' has been recovered (tr. 7-8)

[2017-02-19 12:56:20 #2 store] 
Database 'C:\Users\Kurama\Desktop\SI\1Marroia\ruralHousessDB.odb' is opened by 484@LAPTOP-HB33B0MF

[2017-02-19 12:56:20 #3 type] 
Type domain.RuralHouse is not enhanced.

[2017-02-19 12:56:20 #4 type] 
Type domain.Offer is not enhanced.

------------------------------------------------------------------------------------------------------------------------

[2017-02-19 12:56:52 #1 store] 
Database 'C:\Users\Kurama\Desktop\SI\1Marroia\ruralHousessDB.odb' is opened by 5772@LAPTOP-HB33B0MF

[2017-02-19 12:56:52 #2 type] 
Type domain.RuralHouse is not enhanced.

[2017-02-19 12:56:52 #3 type] 
Type domain.Offer is not enhanced.

------------------------------------------------------------------------------------------------------------------------

[2017-02-19 12:57:56 #1 store] 
Database 'C:\Users\Kurama\Desktop\SI\1Marroia\ruralHousessDB.odb' is opened by 6472@LAPTOP-HB33B0MF

[2017-02-19 12:57:56 #2 type] 
Type domain.RuralHouse is not enhanced.

[2017-02-19 12:57:56 #3 type] 
Type domain.Offer is not enhanced.

------------------------------------------------------------------------------------------------------------------------

[2017-02-19 12:58:27 #1 store] 
Database 'C:\Users\Kurama\Desktop\SI\1Marroia\ruralHousessDB.odb' is opened by 7844@LAPTOP-HB33B0MF

[2017-02-19 12:58:27 #2 type] 
Type domain.RuralHouse is not enhanced.

[2017-02-19 12:58:27 #3 type] 
Type domain.Offer is not enhanced.

------------------------------------------------------------------------------------------------------------------------

[2017-02-19 13:01:27 #1 store] 
Database 'C:\Users\Kurama\Desktop\SI\1Marroia\ruralHousessDB.odb' is opened by 8136@LAPTOP-HB33B0MF

[2017-02-19 13:01:27 #2 type] 
Type domain.RuralHouse is not enhanced.

[2017-02-19 13:01:27 #3 type] 
Type domain.Offer is not enhanced.

------------------------------------------------------------------------------------------------------------------------

[2017-02-19 13:02:38 #1 store] 
Database 'C:\Users\Kurama\Desktop\SI\1Marroia\ruralHousessDB.odb' is opened by 8600@LAPTOP-HB33B0MF

[2017-02-19 13:02:39 #2 type] 
Type domain.RuralHouse is not enhanced.

[2017-02-19 13:02:39 #3 type] 
Type domain.Offer is not enhanced.

------------------------------------------------------------------------------------------------------------------------

[2017-02-19 13:04:25 #1 store] 
Database 'C:\Users\Kurama\Desktop\SI\1Marroia\ruralHousessDB.odb' is opened by 4924@LAPTOP-HB33B0MF

[2017-02-19 13:04:25 #2 type] 
Type domain.RuralHouse is not enhanced.

[2017-02-19 13:04:25 #3 type] 
Type domain.Offer is not enhanced.

------------------------------------------------------------------------------------------------------------------------

[2017-02-19 13:09:52 #1 store] 
Database 'C:\Users\Kurama\Desktop\SI\1Marroia\OfferHouse.odb' is opened by 2664@LAPTOP-HB33B0MF

[2017-02-19 13:09:52 #2 type.registry] 
New type domain.RuralHouse

[2017-02-19 13:09:52 #3 type] 
Type domain.RuralHouse is not enhanced.

[2017-02-19 13:09:52 #4 type.registry] 
New type domain.Offer

[2017-02-19 13:09:52 #5 type] 
Type domain.Offer is not enhanced.

[2017-02-19 13:09:52 #6 type.registry] 
New type java.util.ArrayList<java.lang.Object>

[2017-02-19 13:09:52 #7 type.registry] 
New type java.util.ArrayList<domain.Offer>

------------------------------------------------------------------------------------------------------------------------

[2017-02-19 13:19:40 #1 store] 
Database 'C:\Users\Kurama\Desktop\SI\1Marroia\RuralHouseDB.odb' is opened by 9632@LAPTOP-HB33B0MF

[2017-02-19 13:19:40 #2 type.registry] 
New type domain.RuralHouse

[2017-02-19 13:19:40 #3 type] 
Type domain.RuralHouse is not enhanced.

[2017-02-19 13:19:40 #4 type.registry] 
New type domain.Offer

[2017-02-19 13:19:40 #5 type] 
Type domain.Offer is not enhanced.

[2017-02-19 13:19:40 #6 type.registry] 
New type java.util.ArrayList<java.lang.Object>

[2017-02-19 13:19:40 #7 type.registry] 
New type java.util.ArrayList<domain.Offer>

------------------------------------------------------------------------------------------------------------------------

[2017-02-19 13:23:49 #1 store] 
Database 'C:\Users\Kurama\Desktop\SI\1Marroia\ruralHousessDB.odb' is opened by 8976@LAPTOP-HB33B0MF

[2017-02-19 13:23:49 #2 type] 
Type domain.RuralHouse is not enhanced.

[2017-02-19 13:23:49 #3 type] 
Type domain.Offer is not enhanced.

------------------------------------------------------------------------------------------------------------------------

[2017-02-19 13:24:20 #1 store] 
Database 'C:\Users\Kurama\Desktop\SI\1Marroia\ruralHousessDB.odb' has been recovered (tr. 9-9)

[2017-02-19 13:24:20 #2 store] 
Database 'C:\Users\Kurama\Desktop\SI\1Marroia\ruralHousessDB.odb' is opened by 6900@LAPTOP-HB33B0MF

[2017-02-19 13:24:20 #3 type] 
Type domain.RuralHouse is not enhanced.

[2017-02-19 13:24:20 #4 type] 
Type domain.Offer is not enhanced.

------------------------------------------------------------------------------------------------------------------------

[2017-02-19 13:25:15 #1 store] 
Database 'C:\Users\Kurama\Desktop\SI\1Marroia\ruralHousessDB.odb' is opened by 1816@LAPTOP-HB33B0MF

[2017-02-19 13:25:15 #2 type] 
Type domain.RuralHouse is not enhanced.

[2017-02-19 13:25:15 #3 type] 
Type domain.Offer is not enhanced.

------------------------------------------------------------------------------------------------------------------------

[2017-02-19 13:25:51 #1 store] 
Database 'C:\Users\Kurama\Desktop\SI\1Marroia\ruralHousessDB.odb' is opened by 2336@LAPTOP-HB33B0MF

[2017-02-19 13:25:52 #2 type] 
Type domain.RuralHouse is not enhanced.

[2017-02-19 13:25:52 #3 type] 
Type domain.Offer is not enhanced.

------------------------------------------------------------------------------------------------------------------------

[2017-02-19 13:26:23 #1 store] 
Database 'C:\Users\Kurama\Desktop\SI\1Marroia\ruralHousessDB.odb' is opened by 8604@LAPTOP-HB33B0MF

[2017-02-19 13:26:23 #2 type] 
Type domain.RuralHouse is not enhanced.

[2017-02-19 13:26:23 #3 type] 
Type domain.Offer is not enhanced.

------------------------------------------------------------------------------------------------------------------------

[2017-02-19 13:27:41 #1 store] 
Database 'C:\Users\Kurama\Desktop\SI\1Marroia\ruralHousessDB.odb' is opened by 7588@LAPTOP-HB33B0MF

[2017-02-19 13:27:41 #2 type] 
Type domain.RuralHouse is not enhanced.

[2017-02-19 13:27:41 #3 type] 
Type domain.Offer is not enhanced.

------------------------------------------------------------------------------------------------------------------------

[2017-02-19 13:30:15 #1 store] 
Database 'C:\Users\Kurama\Desktop\SI\1Marroia\OfferHouse.odb' has been recovered (tr. 1-9)

[2017-02-19 13:30:15 #2 store] 
Database 'C:\Users\Kurama\Desktop\SI\1Marroia\OfferHouse.odb' is opened by 7504@LAPTOP-HB33B0MF

[2017-02-19 13:30:15 #3 type] 
Type domain.RuralHouse is not enhanced.

[2017-02-19 13:30:15 #4 type] 
Type domain.Offer is not enhanced.

------------------------------------------------------------------------------------------------------------------------

[2017-02-19 13:35:01 #1 store] 
Database 'C:\Users\Kurama\Desktop\SI\1Marroia\OfferHouse.odb' is opened by 6476@LAPTOP-HB33B0MF

[2017-02-19 13:35:01 #2 type.registry] 
New type domain.RuralHouse

[2017-02-19 13:35:01 #3 type] 
Type domain.RuralHouse is not enhanced.

[2017-02-19 13:35:01 #4 type.registry] 
New type domain.Offer

[2017-02-19 13:35:01 #5 type] 
Type domain.Offer is not enhanced.

[2017-02-19 13:35:01 #6 type.registry] 
New type java.util.ArrayList<java.lang.Object>

[2017-02-19 13:35:01 #7 type.registry] 
New type java.util.ArrayList<domain.Offer>

------------------------------------------------------------------------------------------------------------------------

[2017-02-19 13:35:20 #1 store] 
Database 'C:\Users\Kurama\Desktop\SI\1Marroia\RuralHousessDB.odb' is opened by 10252@LAPTOP-HB33B0MF

[2017-02-19 13:35:21 #2 type.registry] 
New type domain.RuralHouse

[2017-02-19 13:35:21 #3 type] 
Type domain.RuralHouse is not enhanced.

[2017-02-19 13:35:21 #4 type.registry] 
New type domain.Offer

[2017-02-19 13:35:21 #5 type] 
Type domain.Offer is not enhanced.

[2017-02-19 13:35:21 #6 type.registry] 
New type java.util.ArrayList<java.lang.Object>

[2017-02-19 13:35:21 #7 type.registry] 
New type java.util.ArrayList<domain.Offer>

------------------------------------------------------------------------------------------------------------------------

[2017-02-19 13:36:50 #1 store] 
Database 'C:\Users\Kurama\Desktop\SI\1Marroia\RuralHousessDB.odb' has been recovered (tr. 1-8)

[2017-02-19 13:36:50 #2 store] 
Database 'C:\Users\Kurama\Desktop\SI\1Marroia\RuralHousessDB.odb' is opened by 10484@LAPTOP-HB33B0MF

[2017-02-19 13:36:50 #3 type] 
Type domain.RuralHouse is not enhanced.

[2017-02-19 13:36:50 #4 type] 
Type domain.Offer is not enhanced.

------------------------------------------------------------------------------------------------------------------------

[2017-02-19 13:37:37 #1 store] 
Database 'C:\Users\Kurama\Desktop\SI\1Marroia\RuralHousessDB.odb' is opened by 2124@LAPTOP-HB33B0MF

[2017-02-19 13:37:37 #2 type] 
Type domain.RuralHouse is not enhanced.

[2017-02-19 13:37:37 #3 type] 
Type domain.Offer is not enhanced.

------------------------------------------------------------------------------------------------------------------------

[2017-02-19 13:37:58 #1 store] 
Database 'C:\Users\Kurama\Desktop\SI\1Marroia\RuralHousessDB.odb' is opened by 2936@LAPTOP-HB33B0MF

[2017-02-19 13:37:58 #2 type] 
Type domain.RuralHouse is not enhanced.

[2017-02-19 13:37:58 #3 type] 
Type domain.Offer is not enhanced.

------------------------------------------------------------------------------------------------------------------------

[2017-02-19 13:38:57 #1 store] 
Database 'C:\Users\Kurama\Desktop\SI\1Marroia\RuralHousessDB.odb' is opened by 8544@LAPTOP-HB33B0MF

[2017-02-19 13:38:57 #2 type] 
Type domain.RuralHouse is not enhanced.

[2017-02-19 13:38:57 #3 type] 
Type domain.Offer is not enhanced.

------------------------------------------------------------------------------------------------------------------------

[2017-02-19 13:39:51 #1 store] 
Database 'C:\Users\Kurama\Desktop\SI\1Marroia\OfferHouse.odb' has been recovered (tr. 1-8)

[2017-02-19 13:39:51 #2 store] 
Database 'C:\Users\Kurama\Desktop\SI\1Marroia\OfferHouse.odb' is opened by 11072@LAPTOP-HB33B0MF

[2017-02-19 13:39:51 #3 type] 
Type domain.RuralHouse is not enhanced.

[2017-02-19 13:39:51 #4 type] 
Type domain.Offer is not enhanced.

------------------------------------------------------------------------------------------------------------------------

[2017-02-19 13:40:17 #1 store] 
Database 'C:\Users\Kurama\Desktop\SI\1Marroia\OfferHouse.odb' is opened by 4716@LAPTOP-HB33B0MF

[2017-02-19 13:40:17 #2 type.registry] 
New type domain.RuralHouse

[2017-02-19 13:40:17 #3 type] 
Type domain.RuralHouse is not enhanced.

[2017-02-19 13:40:17 #4 type.registry] 
New type domain.Offer

[2017-02-19 13:40:17 #5 type] 
Type domain.Offer is not enhanced.

[2017-02-19 13:40:17 #6 type.registry] 
New type java.util.ArrayList<java.lang.Object>

[2017-02-19 13:40:17 #7 type.registry] 
New type java.util.ArrayList<domain.Offer>

------------------------------------------------------------------------------------------------------------------------

[2017-02-19 13:43:52 #1 store] 
Database 'C:\Users\Kurama\Desktop\SI\1Marroia\ruralHousessDB.odb' is opened by 10796@LAPTOP-HB33B0MF

[2017-02-19 13:43:52 #2 type.registry] 
New type domain.RuralHouse

[2017-02-19 13:43:52 #3 type] 
Type domain.RuralHouse is not enhanced.

[2017-02-19 13:43:52 #4 type.registry] 
New type domain.Offer

[2017-02-19 13:43:52 #5 type] 
Type domain.Offer is not enhanced.

[2017-02-19 13:43:52 #6 type.registry] 
New type java.util.ArrayList<java.lang.Object>

[2017-02-19 13:43:52 #7 type.registry] 
New type java.util.ArrayList<domain.Offer>

------------------------------------------------------------------------------------------------------------------------

[2017-02-19 13:48:20 #1 store] 
Database 'C:\Users\Kurama\Desktop\SI\1Marroia\ruralHousessDB.odb' is opened by 4704@LAPTOP-HB33B0MF

[2017-02-19 13:48:20 #2 type.registry] 
New type domain.RuralHouse

[2017-02-19 13:48:20 #3 type] 
Type domain.RuralHouse is not enhanced.

[2017-02-19 13:48:20 #4 type.registry] 
New type domain.Offer

[2017-02-19 13:48:20 #5 type] 
Type domain.Offer is not enhanced.

[2017-02-19 13:48:20 #6 type.registry] 
New type java.util.ArrayList<java.lang.Object>

[2017-02-19 13:48:20 #7 type.registry] 
New type java.util.ArrayList<domain.Offer>

------------------------------------------------------------------------------------------------------------------------

[2017-02-19 13:55:57 #1 store] 
Database 'C:\Users\Kurama\Desktop\SI\1Marroia\ruralHousessDB.odb' is opened by 8160@LAPTOP-HB33B0MF

[2017-02-19 13:55:57 #2 type.registry] 
New type domain.RuralHouse

[2017-02-19 13:55:57 #3 type] 
Type domain.RuralHouse is not enhanced.

[2017-02-19 13:55:57 #4 type.registry] 
New type domain.Offer

[2017-02-19 13:55:57 #5 type] 
Type domain.Offer is not enhanced.

[2017-02-19 13:55:57 #6 type.registry] 
New type java.util.ArrayList<java.lang.Object>

[2017-02-19 13:55:57 #7 type.registry] 
New type java.util.ArrayList<domain.Offer>

------------------------------------------------------------------------------------------------------------------------

[2017-02-19 14:01:24 #1 store] 
Database 'C:\Users\Kurama\Desktop\SI\1Marroia\ruralHousessDB.odb' is opened by 7300@LAPTOP-HB33B0MF

[2017-02-19 14:01:24 #2 type.registry] 
New type domain.RuralHouse

[2017-02-19 14:01:24 #3 type] 
Type domain.RuralHouse is not enhanced.

[2017-02-19 14:01:24 #4 type.registry] 
New type domain.Offer

[2017-02-19 14:01:24 #5 type] 
Type domain.Offer is not enhanced.

[2017-02-19 14:01:24 #6 type.registry] 
New type java.util.ArrayList<java.lang.Object>

[2017-02-19 14:01:24 #7 type.registry] 
New type java.util.ArrayList<domain.Offer>

------------------------------------------------------------------------------------------------------------------------

[2017-02-19 14:03:58 #1 store] 
Database 'C:\Users\Kurama\Desktop\SI\1Marroia\ruralHousessDB.odb' is opened by 1248@LAPTOP-HB33B0MF

[2017-02-19 14:03:59 #2 type.registry] 
New type domain.RuralHouse

[2017-02-19 14:03:59 #3 type] 
Type domain.RuralHouse is not enhanced.

[2017-02-19 14:03:59 #4 type.registry] 
New type domain.Offer

[2017-02-19 14:03:59 #5 type] 
Type domain.Offer is not enhanced.

[2017-02-19 14:03:59 #6 type.registry] 
New type java.util.ArrayList<java.lang.Object>

[2017-02-19 14:03:59 #7 type.registry] 
New type java.util.ArrayList<domain.Offer>

------------------------------------------------------------------------------------------------------------------------

[2017-02-19 14:05:07 #1 store] 
Database 'C:\Users\Kurama\Desktop\SI\1Marroia\ruralHousessDB.odb' has been recovered (tr. 1-8)

[2017-02-19 14:05:07 #2 store] 
Database 'C:\Users\Kurama\Desktop\SI\1Marroia\ruralHousessDB.odb' is opened by 10700@LAPTOP-HB33B0MF

[2017-02-19 14:05:07 #3 type] 
Type domain.RuralHouse is not enhanced.

[2017-02-19 14:05:07 #4 type] 
Type domain.Offer is not enhanced.

------------------------------------------------------------------------------------------------------------------------

[2017-02-19 14:05:25 #1 store] 
Database 'C:\Users\Kurama\Desktop\SI\1Marroia\ruralHousessDB.odb' is opened by 1648@LAPTOP-HB33B0MF

[2017-02-19 14:05:26 #2 type.registry] 
New type domain.RuralHouse

[2017-02-19 14:05:26 #3 type] 
Type domain.RuralHouse is not enhanced.

[2017-02-19 14:05:26 #4 type.registry] 
New type domain.Offer

[2017-02-19 14:05:26 #5 type] 
Type domain.Offer is not enhanced.

[2017-02-19 14:05:26 #6 type.registry] 
New type java.util.ArrayList<java.lang.Object>

[2017-02-19 14:05:26 #7 type.registry] 
New type java.util.ArrayList<domain.Offer>

------------------------------------------------------------------------------------------------------------------------

[2017-02-19 14:05:51 #1 store] 
Database 'C:\Users\Kurama\Desktop\SI\1Marroia\ruralHousessDB.odb' has been recovered (tr. 1-8)

[2017-02-19 14:05:51 #2 store] 
Database 'C:\Users\Kurama\Desktop\SI\1Marroia\ruralHousessDB.odb' is opened by 10108@LAPTOP-HB33B0MF

[2017-02-19 14:05:51 #3 type] 
Type domain.RuralHouse is not enhanced.

[2017-02-19 14:05:51 #4 type] 
Type domain.Offer is not enhanced.

------------------------------------------------------------------------------------------------------------------------

[2017-02-19 14:06:01 #1 store] 
Database 'C:\Users\Kurama\Desktop\SI\1Marroia\ruralHousessDB.odb' is opened by 7692@LAPTOP-HB33B0MF

[2017-02-19 14:06:01 #2 type.registry] 
New type domain.RuralHouse

[2017-02-19 14:06:01 #3 type] 
Type domain.RuralHouse is not enhanced.

[2017-02-19 14:06:01 #4 type.registry] 
New type domain.Offer

[2017-02-19 14:06:01 #5 type] 
Type domain.Offer is not enhanced.

[2017-02-19 14:06:01 #6 type.registry] 
New type java.util.ArrayList<java.lang.Object>

[2017-02-19 14:06:01 #7 type.registry] 
New type java.util.ArrayList<domain.Offer>

------------------------------------------------------------------------------------------------------------------------

[2017-02-19 14:06:08 #1 store] 
Database 'C:\Users\Kurama\Desktop\SI\1Marroia\ruralHousessDB.odb' has been recovered (tr. 1-8)

[2017-02-19 14:06:08 #2 store] 
Database 'C:\Users\Kurama\Desktop\SI\1Marroia\ruralHousessDB.odb' is opened by 7908@LAPTOP-HB33B0MF

[2017-02-19 14:06:08 #3 type] 
Type domain.RuralHouse is not enhanced.

[2017-02-19 14:06:08 #4 type] 
Type domain.Offer is not enhanced.

------------------------------------------------------------------------------------------------------------------------

[2017-02-19 14:07:21 #1 store] 
Database 'C:\Users\Kurama\Desktop\SI\1Marroia\ruralHousessDB.odb' is opened by 6524@LAPTOP-HB33B0MF

[2017-02-19 14:07:21 #2 type.registry] 
New type domain.RuralHouse

[2017-02-19 14:07:21 #3 type] 
Type domain.RuralHouse is not enhanced.

[2017-02-19 14:07:21 #4 type.registry] 
New type domain.Offer

[2017-02-19 14:07:21 #5 type] 
Type domain.Offer is not enhanced.

[2017-02-19 14:07:22 #6 type.registry] 
New type java.util.ArrayList<java.lang.Object>

[2017-02-19 14:07:22 #7 type.registry] 
New type java.util.ArrayList<domain.Offer>

------------------------------------------------------------------------------------------------------------------------

[2017-02-19 14:08:06 #1 store] 
Database 'C:\Users\Kurama\Desktop\SI\1Marroia\ruralHousessDB.odb' is opened by 6528@LAPTOP-HB33B0MF

[2017-02-19 14:08:06 #2 type.registry] 
New type domain.RuralHouse

[2017-02-19 14:08:06 #3 type] 
Type domain.RuralHouse is not enhanced.

[2017-02-19 14:08:06 #4 type.registry] 
New type domain.Offer

[2017-02-19 14:08:06 #5 type] 
Type domain.Offer is not enhanced.

[2017-02-19 14:08:06 #6 type.registry] 
New type java.util.ArrayList<java.lang.Object>

[2017-02-19 14:08:06 #7 type.registry] 
New type java.util.ArrayList<domain.Offer>

------------------------------------------------------------------------------------------------------------------------

[2017-02-19 14:08:25 #1 store] 
Database 'C:\Users\Kurama\Desktop\SI\1Marroia\ruralHousessDB.odb' has been recovered (tr. 1-8)

[2017-02-19 14:08:25 #2 store] 
Database 'C:\Users\Kurama\Desktop\SI\1Marroia\ruralHousessDB.odb' is opened by 8628@LAPTOP-HB33B0MF

[2017-02-19 14:08:26 #3 type] 
Type domain.RuralHouse is not enhanced.

[2017-02-19 14:08:26 #4 type] 
Type domain.Offer is not enhanced.

------------------------------------------------------------------------------------------------------------------------

[2017-02-19 14:08:38 #1 store] 
Database 'C:\Users\Kurama\Desktop\SI\1Marroia\ruralHousessDB.odb' is opened by 11064@LAPTOP-HB33B0MF

[2017-02-19 14:08:38 #2 type.registry] 
New type domain.RuralHouse

[2017-02-19 14:08:38 #3 type] 
Type domain.RuralHouse is not enhanced.

[2017-02-19 14:08:38 #4 type.registry] 
New type domain.Offer

[2017-02-19 14:08:38 #5 type] 
Type domain.Offer is not enhanced.

[2017-02-19 14:08:38 #6 type.registry] 
New type java.util.ArrayList<java.lang.Object>

[2017-02-19 14:08:38 #7 type.registry] 
New type java.util.ArrayList<domain.Offer>

------------------------------------------------------------------------------------------------------------------------

[2017-02-19 14:08:44 #1 store] 
Database 'C:\Users\Kurama\Desktop\SI\1Marroia\ruralHousessDB.odb' has been recovered (tr. 1-8)

[2017-02-19 14:08:44 #2 store] 
Database 'C:\Users\Kurama\Desktop\SI\1Marroia\ruralHousessDB.odb' is opened by 5292@LAPTOP-HB33B0MF

[2017-02-19 14:08:44 #3 type] 
Type domain.RuralHouse is not enhanced.

[2017-02-19 14:08:44 #4 type] 
Type domain.Offer is not enhanced.

------------------------------------------------------------------------------------------------------------------------

[2017-02-19 14:37:19 #1 store] 
Database 'C:\Users\Kurama\Desktop\SI\1Marroia\ruralHousessDB.odb' is opened by 7252@LAPTOP-HB33B0MF

[2017-02-19 14:37:19 #2 type.registry] 
New type domain.RuralHouse

[2017-02-19 14:37:19 #3 type] 
Type domain.RuralHouse is not enhanced.

[2017-02-19 14:37:19 #4 type.registry] 
New type domain.Offer

[2017-02-19 14:37:19 #5 type] 
Type domain.Offer is not enhanced.

[2017-02-19 14:37:19 #6 type.registry] 
New type java.util.ArrayList<java.lang.Object>

[2017-02-19 14:37:19 #7 type.registry] 
New type java.util.ArrayList<domain.Offer>

------------------------------------------------------------------------------------------------------------------------

[2017-02-19 14:37:23 #1 store] 
Database 'C:\Users\Kurama\Desktop\SI\1Marroia\ruralHousessDB.odb' has been recovered (tr. 1-8)

[2017-02-19 14:37:23 #2 store] 
Database 'C:\Users\Kurama\Desktop\SI\1Marroia\ruralHousessDB.odb' is opened by 1412@LAPTOP-HB33B0MF

[2017-02-19 14:37:23 #3 type] 
Type domain.RuralHouse is not enhanced.

[2017-02-19 14:37:24 #4 type] 
Type domain.Offer is not enhanced.

------------------------------------------------------------------------------------------------------------------------

[2017-02-19 14:38:10 #1 store] 
Database 'C:\Users\Kurama\Desktop\SI\1Marroia\ruralHousessDB.odb' is opened by 10604@LAPTOP-HB33B0MF

[2017-02-19 14:38:10 #2 type] 
Type domain.RuralHouse is not enhanced.

[2017-02-19 14:38:10 #3 type] 
Type domain.Offer is not enhanced.

------------------------------------------------------------------------------------------------------------------------

[2017-02-19 14:44:47 #1 store] 
Database 'C:\Users\Kurama\Desktop\SI\1Marroia\ruralHousessDB.odb' has been recovered (tr. 9-11)

[2017-02-19 14:44:47 #2 store] 
Database 'C:\Users\Kurama\Desktop\SI\1Marroia\ruralHousessDB.odb' is opened by 7156@LAPTOP-HB33B0MF

[2017-02-19 14:44:47 #3 type] 
Type domain.RuralHouse is not enhanced.

[2017-02-19 14:44:47 #4 type] 
Type domain.Offer is not enhanced.

------------------------------------------------------------------------------------------------------------------------

[2017-02-19 14:44:57 #1 store] 
Database 'C:\Users\Kurama\Desktop\SI\1Marroia\ruralHousessDB.odb' is opened by 11048@LAPTOP-HB33B0MF

[2017-02-19 14:44:57 #2 type.registry] 
New type domain.RuralHouse

[2017-02-19 14:44:57 #3 type] 
Type domain.RuralHouse is not enhanced.

[2017-02-19 14:44:57 #4 type.registry] 
New type domain.Offer

[2017-02-19 14:44:57 #5 type] 
Type domain.Offer is not enhanced.

[2017-02-19 14:44:57 #6 type.registry] 
New type java.util.ArrayList<java.lang.Object>

[2017-02-19 14:44:57 #7 type.registry] 
New type java.util.ArrayList<domain.Offer>

------------------------------------------------------------------------------------------------------------------------

[2017-02-19 14:45:41 #1 store] 
Database 'C:\Users\Kurama\Desktop\SI\1Marroia\ruralHousessDB.odb' has been recovered (tr. 1-8)

[2017-02-19 14:45:41 #2 store] 
Database 'C:\Users\Kurama\Desktop\SI\1Marroia\ruralHousessDB.odb' is opened by 6924@LAPTOP-HB33B0MF

[2017-02-19 14:45:41 #3 type] 
Type domain.RuralHouse is not enhanced.

[2017-02-19 14:45:41 #4 type] 
Type domain.Offer is not enhanced.

------------------------------------------------------------------------------------------------------------------------

[2017-02-19 14:45:55 #1 store] 
Database 'C:\Users\Kurama\Desktop\SI\1Marroia\ruralHousessDB.odb' is opened by 5760@LAPTOP-HB33B0MF

[2017-02-19 14:45:55 #2 type] 
Type domain.RuralHouse is not enhanced.

[2017-02-19 14:45:55 #3 type] 
Type domain.Offer is not enhanced.

------------------------------------------------------------------------------------------------------------------------

[2017-02-19 14:46:11 #1 store] 
Database 'C:\Users\Kurama\Desktop\SI\1Marroia\ruralHousessDB.odb' is opened by 10312@LAPTOP-HB33B0MF

[2017-02-19 14:46:11 #2 type] 
Type domain.RuralHouse is not enhanced.

[2017-02-19 14:46:11 #3 type] 
Type domain.Offer is not enhanced.

